\BOOKMARK [1][-]{section.1}{Brief}{}% 1
\BOOKMARK [1][-]{section.2}{Data Structure Options}{}% 2
\BOOKMARK [2][-]{subsection.2.1}{Array}{section.2}% 3
\BOOKMARK [3][-]{subsubsection.2.1.1}{Front Removal}{subsection.2.1}% 4
\BOOKMARK [3][-]{subsubsection.2.1.2}{Insertion At Endl}{subsection.2.1}% 5
\BOOKMARK [2][-]{subsection.2.2}{Single Linked List}{section.2}% 6
\BOOKMARK [3][-]{subsubsection.2.2.1}{Front Removal}{subsection.2.2}% 7
\BOOKMARK [3][-]{subsubsection.2.2.2}{Insertion At Endl}{subsection.2.2}% 8
\BOOKMARK [2][-]{subsection.2.3}{Double Linked List}{section.2}% 9
\BOOKMARK [3][-]{subsubsection.2.3.1}{Front Removal}{subsection.2.3}% 10
\BOOKMARK [3][-]{subsubsection.2.3.2}{Insertion At Endl}{subsection.2.3}% 11
\BOOKMARK [2][-]{subsection.2.4}{Stack}{section.2}% 12
\BOOKMARK [2][-]{subsection.2.5}{Queue}{section.2}% 13
\BOOKMARK [3][-]{subsubsection.2.5.1}{Queue Implementations}{subsection.2.5}% 14
\BOOKMARK [1][-]{section.3}{Design}{}% 15
\BOOKMARK [2][-]{subsection.3.1}{Classes}{section.3}% 16
\BOOKMARK [2][-]{subsection.3.2}{Output}{section.3}% 17
\BOOKMARK [2][-]{subsection.3.3}{Scenario Considerations}{section.3}% 18
\BOOKMARK [1][-]{section.4}{Implementation}{}% 19
\BOOKMARK [2][-]{subsection.4.1}{Queue}{section.4}% 20
\BOOKMARK [2][-]{subsection.4.2}{Supermarket}{section.4}% 21
\BOOKMARK [2][-]{subsection.4.3}{Model Implementation}{section.4}% 22
\BOOKMARK [3][-]{subsubsection.4.3.1}{script.js}{subsection.4.3}% 23
\BOOKMARK [3][-]{subsubsection.4.3.2}{index.html}{subsection.4.3}% 24
\BOOKMARK [1][-]{section.5}{Screenshots}{}% 25
\BOOKMARK [1][-]{section.6}{Evaluation}{}% 26
\BOOKMARK [2][-]{subsection.6.1}{Single Threaded}{section.6}% 27
\BOOKMARK [2][-]{subsection.6.2}{Type Size \(memory\)}{section.6}% 28
\BOOKMARK [2][-]{subsection.6.3}{Other Queue Considerations}{section.6}% 29
